<?xml version="1.0" encoding="UTF-8"?>
<!-- Generated by org.testng.reporters.JUnitXMLReporter -->
<testsuite hostname="SATISH" ignored="0" name="Default test" tests="3" failures="3" timestamp="08 Feb 2020 19:11:32 GMT" time="2.588" errors="0">
  <testcase name="feature" time="1.855" classname="runner.TestRunner">
    <failure type="java.lang.Exception" message="Test data cannot find . . .">
      <![CDATA[java.lang.Exception: Test data cannot find . . .
at utility.ExcelHandler.getTestDataInMap(ExcelHandler.java:38)
at seleniumgluecode.Test.collectdatafromexcel_refer(Test.java:38)
at ✽.CollectDataFromExcel refer "LoginWithCorrectID_1"(C:/Users/satis/eclipse-workspace/Cucumber_Project/Features/ExcelTry.feature:7)
]]>
    </failure>
  </testcase> <!-- feature -->
  <testcase name="feature" time="0.117" classname="runner.TestRunner">
    <failure type="java.lang.Exception" message="Test data cannot find . . .">
      <![CDATA[java.lang.Exception: Test data cannot find . . .
at utility.ExcelHandler.getTestDataInMap(ExcelHandler.java:38)
at seleniumgluecode.Test.collectdatafromexcel_refer(Test.java:38)
at ✽.CollectDataFromExcel refer "LoginWithIncCorrectID_1"(C:/Users/satis/eclipse-workspace/Cucumber_Project/Features/ExcelTry.feature:7)
]]>
    </failure>
  </testcase> <!-- feature -->
  <testcase name="feature" time="0.105" classname="runner.TestRunner">
    <failure type="java.lang.Exception" message="Test data cannot find . . .">
      <![CDATA[java.lang.Exception: Test data cannot find . . .
at utility.ExcelHandler.getTestDataInMap(ExcelHandler.java:38)
at seleniumgluecode.Test.collectdatafromexcel_refer(Test.java:38)
at ✽.CollectDataFromExcel refer "LoginWithCorrectID_3"(C:/Users/satis/eclipse-workspace/Cucumber_Project/Features/ExcelTry.feature:7)
]]>
    </failure>
  </testcase> <!-- feature -->
</testsuite> <!-- Default test -->
