<?xml version="1.0" encoding="UTF-8"?>
<!-- Generated by org.testng.reporters.JUnitXMLReporter -->
<testsuite hostname="SATISH" ignored="0" name="Automation Test Report" tests="1" failures="1" timestamp="12 Feb 2020 17:16:58 GMT" time="50.334" errors="0">
  <testcase name="feature" time="49.55" classname="runner.TestRunner">
    <failure type="org.openqa.selenium.NoSuchSessionException" message="Session ID is null. Using WebDriver after calling quit()?
Build info: version: &amp;apos;3.11.0&amp;apos;, revision: &amp;apos;e59cfb3&amp;apos;, time: &amp;apos;2018-03-11T20:26:55.152Z&amp;apos;
System info: host: &amp;apos;SATISH&amp;apos;, ip: &amp;apos;192.168.1.39&amp;apos;, os.name: &amp;apos;Windows 10&amp;apos;, os.arch: &amp;apos;amd64&amp;apos;, os.version: &amp;apos;10.0&amp;apos;, java.version: &amp;apos;1.8.0_66&amp;apos;
Driver info: driver.version: RemoteWebDriver">
      <![CDATA[org.openqa.selenium.NoSuchSessionException: Session ID is null. Using WebDriver after calling quit()?
Build info: version: '3.11.0', revision: 'e59cfb3', time: '2018-03-11T20:26:55.152Z'
System info: host: 'SATISH', ip: '192.168.1.39', os.name: 'Windows 10', os.arch: 'amd64', os.version: '10.0', java.version: '1.8.0_66'
Driver info: driver.version: RemoteWebDriver
at org.openqa.selenium.remote.HttpCommandExecutor.execute(HttpCommandExecutor.java:125)
at org.openqa.selenium.remote.service.DriverCommandExecutor.execute(DriverCommandExecutor.java:83)
at org.openqa.selenium.remote.RemoteWebDriver.execute(RemoteWebDriver.java:545)
at org.openqa.selenium.remote.RemoteWebDriver.execute(RemoteWebDriver.java:602)
at org.openqa.selenium.remote.RemoteWebDriver.getScreenshotAs(RemoteWebDriver.java:291)
at listener.ExtentReportListener.captureScreenShot(ExtentReportListener.java:110)
at listener.ExtentReportListener.testStepHandle(ExtentReportListener.java:64)
at seleniumgluecode.Test.Click_on_My_addresses(Test.java:169)
at ✽.Click on My Addresses(Features/ExcelTry.feature:26)
]]>
    </failure>
  </testcase> <!-- feature -->
</testsuite> <!-- Automation Test Report -->
